12:50:50.278 [restartedMain] INFO  com.exam_organizer.ExamOrganizerApplication - Starting ExamOrganizerApplication using Java 17.0.9 with PID 14696 (D:\SpringBoot\exam_organizer\target\classes started by Lenovo in D:\SpringBoot\exam_organizer)
12:50:50.300 [restartedMain] DEBUG com.exam_organizer.ExamOrganizerApplication - Running with Spring Boot v3.1.5, Spring v6.0.13
12:50:50.302 [restartedMain] INFO  com.exam_organizer.ExamOrganizerApplication - No active profile set, falling back to 1 default profile: "default"
12:50:59.820 [restartedMain] INFO  com.exam_organizer.ExamOrganizerApplication - Started ExamOrganizerApplication in 10.269 seconds (process running for 12.204)
12:52:52.512 [http-nio-8085-exec-1] INFO  com.exam_organizer.controller.Welcome - Welcome to Admin.
12:52:58.018 [http-nio-8085-exec-3] INFO  com.exam_organizer.controller.Login - from login...A
12:53:01.185 [http-nio-8085-exec-6] INFO  com.exam_organizer.controller.Profile - from profile...
12:53:01.188 [http-nio-8085-exec-6] INFO  com.exam_organizer.controller.Profile - Organizer Id: 1
12:53:01.188 [http-nio-8085-exec-6] INFO  com.exam_organizer.controller.Profile -  
12:53:01.256 [http-nio-8085-exec-6] INFO  com.exam_organizer.controller.Profile - 0
12:53:01.256 [http-nio-8085-exec-6] INFO  com.exam_organizer.controller.Profile - 1
12:53:01.256 [http-nio-8085-exec-6] INFO  com.exam_organizer.controller.Profile - 0
12:53:01.256 [http-nio-8085-exec-6] INFO  com.exam_organizer.controller.Profile - 1
12:53:12.365 [http-nio-8085-exec-9] INFO  com.exam_organizer.controller.Candidate - from candidate...
12:53:37.534 [http-nio-8085-exec-4] INFO  com.exam_organizer.controller.Candidate - from candidate...
12:53:39.295 [http-nio-8085-exec-10] INFO  com.exam_organizer.controller.Exam - Request to get candidates list: 1
12:53:39.295 [http-nio-8085-exec-10] INFO  com.exam_organizer.controller.Exam - Candidate list request...
12:53:41.893 [http-nio-8085-exec-8] INFO  com.exam_organizer.controller.Exam - Request to get candidates list: 1
12:53:41.894 [http-nio-8085-exec-8] INFO  com.exam_organizer.controller.Exam - Candidate list request...
12:53:42.642 [http-nio-8085-exec-9] INFO  com.exam_organizer.controller.Exam - Request to get candidates list: 1
12:53:42.642 [http-nio-8085-exec-9] INFO  com.exam_organizer.controller.Exam - Candidate list request...
12:53:50.454 [http-nio-8085-exec-2] INFO  com.exam_organizer.controller.Candidate - from candidate...
12:53:52.753 [http-nio-8085-exec-7] INFO  com.exam_organizer.controller.Exam - Request to get candidates list: 1
12:53:52.753 [http-nio-8085-exec-7] INFO  com.exam_organizer.controller.Exam - Candidate list request...
12:53:54.014 [http-nio-8085-exec-5] INFO  com.exam_organizer.controller.Exam - Request to get candidates list: 1
12:53:54.015 [http-nio-8085-exec-5] INFO  com.exam_organizer.controller.Exam - Candidate list request...
12:53:54.781 [http-nio-8085-exec-10] INFO  com.exam_organizer.controller.Exam - Request to get candidates list: 1
12:53:54.781 [http-nio-8085-exec-10] INFO  com.exam_organizer.controller.Exam - Candidate list request...
